-------------------------------------------------------------------------------
[08:55AM] NGL configured with 
[08:55AM] OpenGL 4.1 Metal - 89.3
[08:55AM] GLSL version 4.10
-------------------------------------------------------------------------------
[08:55AM] creating empty ShaderProgram nglTextShader
[08:55AM] just attached nglTextVertex to ngl::ShaderLib
[08:55AM] just attached nglTextFragment to ngl::ShaderLib
[08:55AM] Compiling Shader nglTextVertex
[08:55AM] Compiling Shader nglTextFragment
[08:55AM] nglTextVertex attached to program
[08:55AM] nglTextFragment attached to program
[08:55AM] Linking nglTextShader
[08:55AM] linking Shader nglTextShader 
WARNING: Could not find vertex shader attribute 'inUV' to match BindAttributeLocation request.

FOUND UNIFORM BLOCKS 0
FOUND UNIFORM BLOCKS 0
[08:55AM] creating empty ShaderProgram nglColourShader
[08:55AM] just attached nglColourVertex to ngl::ShaderLib
[08:55AM] just attached nglColourFragment to ngl::ShaderLib
[08:55AM] Compiling Shader nglColourVertex
[08:55AM] Compiling Shader nglColourFragment
[08:55AM] nglColourVertex attached to program
[08:55AM] nglColourFragment attached to program
[08:55AM] Linking nglColourShader
[08:55AM] linking Shader nglColourShader 
FOUND UNIFORM BLOCKS 0
FOUND UNIFORM BLOCKS 0
[08:55AM] creating empty ShaderProgram nglDiffuseShader
[08:55AM] just attached nglDiffuseVertex to ngl::ShaderLib
[08:55AM] just attached nglDiffuseFragment to ngl::ShaderLib
[08:55AM] Compiling Shader nglDiffuseVertex
[08:55AM] Compiling Shader nglDiffuseFragment
[08:55AM] nglDiffuseVertex attached to program
[08:55AM] nglDiffuseFragment attached to program
[08:55AM] Linking nglDiffuseShader
[08:55AM] linking Shader nglDiffuseShader 
FOUND UNIFORM BLOCKS 0
FOUND UNIFORM BLOCKS 0
[08:55AM] creating empty ShaderProgram nglCheckerShader
[08:55AM] just attached nglCheckerVertex to ngl::ShaderLib
[08:55AM] just attached nglCheckerFragment to ngl::ShaderLib
[08:55AM] Compiling Shader nglCheckerVertex
[08:55AM] Compiling Shader nglCheckerFragment
[08:55AM] nglCheckerVertex attached to program
[08:55AM] nglCheckerFragment attached to program
[08:55AM] Linking nglCheckerShader
[08:55AM] linking Shader nglCheckerShader 
FOUND UNIFORM BLOCKS 0
FOUND UNIFORM BLOCKS 0
[08:55AM] creating empty ShaderProgram PBR
[08:55AM] just attached PBRVertex to ngl::ShaderLib
[08:55AM] just attached PBRFragment to ngl::ShaderLib
[08:55AM] Compiling Shader PBRVertex
[08:55AM] Compiling Shader PBRFragment
[08:55AM] PBRVertex attached to program
[08:55AM] PBRFragment attached to program
[08:55AM] Linking PBR
[08:55AM] linking Shader PBR 
FOUND UNIFORM BLOCKS 1
Uniform Block TransformUBO 0 12
